<?xml version="1.0" encoding="UTF-8" ?>
<testsuite errors="1" failures="0" hostname="nycpusagolube.local" name="library.ResponsivePageLoads" tests="1" time="0.0" timestamp="2014-05-19T17:32:17">
  <properties>
    <property name="file.encoding.pkg" value="sun.io" />
    <property name="org.osgi.framework.executionenvironment" value="OSGi/Minimum-1.0,OSGi/Minimum-1.1,OSGi/Minimum-1.2,JRE-1.1,J2SE-1.2,J2SE-1.3,J2SE-1.4,J2SE-1.5,JavaSE-1.6,JavaSE-1.7" />
    <property name="osgi.framework" value="file:/Users/agolubev1/Desktop/Screen shots/oralb/eclipse/plugins/org.eclipse.osgi_3.8.1.v20120830-144521.jar" />
    <property name="java.home" value="/Library/Java/JavaVirtualMachines/jdk1.7.0_40.jdk/Contents/Home/jre" />
    <property name="eclipse.application" value="org.eclipse.ui.ide.workbench" />
    <property name="env.COM_GOOGLE_CHROME_FRAMEWORK_SERVICE_PROCESS/USERS/AGOLUBEV1/LIBRARY/APPLICATION_SUPPORT/GOOGLE/CHROME_SOCKET" value="/tmp/launch-4T0YWM/ServiceProcessSocket" />
    <property name="org.eclipse.debug.ui.breakpoints.toggleFactoriesUsed" value="false" />
    <property name="java.endorsed.dirs" value="/Library/Java/JavaVirtualMachines/jdk1.7.0_40.jdk/Contents/Home/jre/lib/endorsed" />
    <property name="env.LOGNAME" value="agolubev1" />
    <property name="osgi.bundlestore" value="/Users/agolubev1/Desktop/Screen shots/oralb/eclipse/configuration/org.eclipse.osgi/bundles" />
    <property name="debuglevel" value="source,lines,vars" />
    <property name="ECLIPSE_HOME" value="../../Screen shots/oralb/eclipse" />
    <property name="sun.os.patch.level" value="unknown" />
    <property name="java.vendor.url" value="http://java.oracle.com/" />
    <property name="java.version" value="1.7.0_40" />
    <property name="eclipse.pdebuild.home" value="/Users/agolubev1/Desktop/Screen shots/oralb/eclipse/plugins/org.eclipse.pde.build_3.8.1.v20120725-202643/./" />
    <property name="osgi.requiredJavaVersion" value="1.5" />
    <property name="osgi.os" value="macosx" />
    <property name="org.eclipse.equinox.simpleconfigurator.configUrl" value="file:org.eclipse.equinox.simpleconfigurator/bundles.info" />
    <property name="org.osgi.framework.uuid" value="20a93c28-62df-0013-1518-a3950856079a" />
    <property name="osgi.splashPath" value="platform:/base/plugins/org.eclipse.platform" />
    <property name="java.vendor.url.bug" value="http://bugreport.sun.com/bugreport/" />
    <property name="ant.project.invoked-targets" value="ResponsivePageLoads,build" />
    <property name="env.Apple_Ubiquity_Message" value="/tmp/launch-mdAy4T/Apple_Ubiquity_Message" />
    <property name="user.name" value="agolubev1" />
    <property name="org.osgi.framework.version" value="1.7.0" />
    <property name="sun.io.unicode.encoding" value="UnicodeBig" />
    <property name="org.osgi.framework.system.packages" value="javax.accessibility,javax.activation,javax.activity,javax.annotation,javax.annotation.processing,javax.crypto,javax.crypto.interfaces,javax.crypto.spec,javax.imageio,javax.imageio.event,javax.imageio.metadata,javax.imageio.plugins.bmp,javax.imageio.plugins.jpeg,javax.imageio.spi,javax.imageio.stream,javax.jws,javax.jws.soap,javax.lang.model,javax.lang.model.element,javax.lang.model.type,javax.lang.model.util,javax.management,javax.management.loading,javax.management.modelmbean,javax.management.monitor,javax.management.openmbean,javax.management.relation,javax.management.remote,javax.management.remote.rmi,javax.management.timer,javax.naming,javax.naming.directory,javax.naming.event,javax.naming.ldap,javax.naming.spi,javax.net,javax.net.ssl,javax.print,javax.print.attribute,javax.print.attribute.standard,javax.print.event,javax.rmi,javax.rmi.CORBA,javax.rmi.ssl,javax.script,javax.security.auth,javax.security.auth.callback,javax.security.auth.kerberos,javax.security.auth.login,javax.security.auth.spi,javax.security.auth.x500,javax.security.cert,javax.security.sasl,javax.sound.midi,javax.sound.midi.spi,javax.sound.sampled,javax.sound.sampled.spi,javax.sql,javax.sql.rowset,javax.sql.rowset.serial,javax.sql.rowset.spi,javax.swing,javax.swing.border,javax.swing.colorchooser,javax.swing.event,javax.swing.filechooser,javax.swing.plaf,javax.swing.plaf.basic,javax.swing.plaf.metal,javax.swing.plaf.multi,javax.swing.plaf.nimbus,javax.swing.plaf.synth,javax.swing.table,javax.swing.text,javax.swing.text.html,javax.swing.text.html.parser,javax.swing.text.rtf,javax.swing.tree,javax.swing.undo,javax.tools,javax.transaction,javax.transaction.xa,javax.xml,javax.xml.bind,javax.xml.bind.annotation,javax.xml.bind.annotation.adapters,javax.xml.bind.attachment,javax.xml.bind.helpers,javax.xml.bind.util,javax.xml.crypto,javax.xml.crypto.dom,javax.xml.crypto.dsig,javax.xml.crypto.dsig.dom,javax.xml.crypto.dsig.keyinfo,javax.xml.crypto.dsig.spec,javax.xml.datatype,javax.xml.namespace,javax.xml.parsers,javax.xml.soap,javax.xml.stream,javax.xml.stream.events,javax.xml.stream.util,javax.xml.transform,javax.xml.transform.dom,javax.xml.transform.sax,javax.xml.transform.stax,javax.xml.transform.stream,javax.xml.validation,javax.xml.ws,javax.xml.ws.handler,javax.xml.ws.handler.soap,javax.xml.ws.http,javax.xml.ws.soap,javax.xml.ws.spi,javax.xml.ws.spi.http,javax.xml.ws.wsaddressing,javax.xml.xpath,org.ietf.jgss,org.omg.CORBA,org.omg.CORBA_2_3,org.omg.CORBA_2_3.portable,org.omg.CORBA.DynAnyPackage,org.omg.CORBA.ORBPackage,org.omg.CORBA.portable,org.omg.CORBA.TypeCodePackage,org.omg.CosNaming,org.omg.CosNaming.NamingContextExtPackage,org.omg.CosNaming.NamingContextPackage,org.omg.Dynamic,org.omg.DynamicAny,org.omg.DynamicAny.DynAnyFactoryPackage,org.omg.DynamicAny.DynAnyPackage,org.omg.IOP,org.omg.IOP.CodecFactoryPackage,org.omg.IOP.CodecPackage,org.omg.Messaging,org.omg.PortableInterceptor,org.omg.PortableInterceptor.ORBInitInfoPackage,org.omg.PortableServer,org.omg.PortableServer.CurrentPackage,org.omg.PortableServer.POAManagerPackage,org.omg.PortableServer.POAPackage,org.omg.PortableServer.portable,org.omg.PortableServer.ServantLocatorPackage,org.omg.SendingContext,org.omg.stub.java.rmi,org.w3c.dom,org.w3c.dom.bootstrap,org.w3c.dom.css,org.w3c.dom.events,org.w3c.dom.html,org.w3c.dom.ls,org.w3c.dom.ranges,org.w3c.dom.stylesheets,org.w3c.dom.traversal,org.w3c.dom.views,org.w3c.dom.xpath,org.xml.sax,org.xml.sax.ext,org.xml.sax.helpers" />
    <property name="sun.jnu.encoding" value="UTF-8" />
    <property name="java.runtime.name" value="Java(TM) SE Runtime Environment" />
    <property name="applicationXMI" value="org.eclipse.ui.workbench/LegacyIDE.e4xmi" />
    <property name="osgi.instance.area.default" value="file:/Users/agolubev1/Documents/workspace/" />
    <property name="eclipse.launcher.name" value="Eclipse" />
    <property name="eclipse.product" value="org.eclipse.epp.package.jee.product" />
    <property name="java.specification.name" value="Java Platform API Specification" />
    <property name="org.osgi.supports.framework.fragment" value="true" />
    <property name="ftp.nonProxyHosts" value="local|*.local|169.254/16|*.169.254/16" />
    <property name="user.timezone" value="" />
    <property name="org.osgi.framework.system.capabilities" value="osgi.ee; osgi.ee=&quot;OSGi/Minimum&quot;; version:List&lt;Version&gt;=&quot;1.0, 1.1, 1.2&quot;,osgi.ee; osgi.ee=&quot;JRE&quot;; version:List&lt;Version&gt;=&quot;1.0, 1.1&quot;,osgi.ee; osgi.ee=&quot;JavaSE&quot;; version:List&lt;Version&gt;=&quot;1.0, 1.1, 1.2, 1.3, 1.4, 1.5, 1.6, 1.7&quot;" />
    <property name="osgi.nl" value="en_US" />
    <property name="path.separator" value=":" />
    <property name="file.encoding" value="US-ASCII" />
    <property name="osgi.arch" value="x86_64" />
    <property name="ant.project.default-target" value="build" />
    <property name="env.HOME" value="/Users/agolubev1" />
    <property name="sun.java.command" value="org.apache.tools.ant.taskdefs.optional.junit.JUnitTestRunner library.ResponsivePageLoads filtertrace=true haltOnError=false haltOnFailure=false formatter=org.apache.tools.ant.taskdefs.optional.junit.OutErrSummaryJUnitResultFormatter showoutput=false outputtoformatters=true logfailedtests=true logtestlistenerevents=false formatter=org.apache.tools.ant.taskdefs.optional.junit.XMLJUnitResultFormatter,/Users/agolubev1/Desktop/AutomationScript/TriHonda/junit/TEST-library.ResponsivePageLoads.xml crashfile=/Users/agolubev1/Desktop/AutomationScript/TriHonda/junitvmwatcher8885455720225159613.properties propsfile=/Users/agolubev1/Desktop/AutomationScript/TriHonda/junit4841901578359403793.properties" />
    <property name="socksNonProxyHosts" value="local|*.local|169.254/16|*.169.254/16" />
    <property name="ant.file" value="/Users/agolubev1/Desktop/AutomationScript/TriHonda/build.xml" />
    <property name="org.osgi.supports.framework.requirebundle" value="true" />
    <property name="org.eclipse.swt.internal.carbon.smallFonts" value="" />
    <property name="osgi.bundles.defaultStartLevel" value="4" />
    <property name="osgi.bundles" value="reference:file:org.eclipse.equinox.simpleconfigurator_1.0.301.v20120828-033635.jar@1:start" />
    <property name="java.io.tmpdir" value="/var/folders/gd/k5lsk02s4gdbr4f350qydgwnxp8pg6/T/" />
    <property name="org.osgi.framework.os.name" value="MacOSX" />
    <property name="equinox.use.ds" value="true" />
    <property name="user.language" value="en" />
    <property name="line.separator" value="&#xa;" />
    <property name="env.APP_ICON_49130" value="../Resources/Eclipse.icns" />
    <property name="target" value="1.6" />
    <property name="org.osgi.framework.processor" value="x86-64" />
    <property name="java.vm.info" value="mixed mode" />
    <property name="osgi.manifest.cache" value="/Users/agolubev1/Desktop/Screen shots/oralb/eclipse/configuration/org.eclipse.osgi/manifests" />
    <property name="source" value="1.6" />
    <property name="osgi.splashLocation" value="/Users/agolubev1/Desktop/Screen shots/oralb/eclipse/plugins/org.eclipse.platform_4.2.1.v201209141800/splash.bmp" />
    <property name="java.vm.specification.name" value="Java Virtual Machine Specification" />
    <property name="env.__CF_USER_TEXT_ENCODING" value="0x7B6459E6:0:0" />
    <property name="eclipse.vm" value="/Library/Java/JavaVirtualMachines/jdk1.7.0_40.jdk" />
    <property name="http.nonProxyHosts" value="local|*.local|169.254/16|*.169.254/16" />
    <property name="eclipse.pdebuild.templates" value="/Users/agolubev1/Desktop/Screen shots/oralb/eclipse/plugins/org.eclipse.pde.build_3.8.1.v20120725-202643/templates/" />
    <property name="osgi.configuration.area" value="file:/Users/agolubev1/Desktop/Screen shots/oralb/eclipse/configuration/" />
    <property name="java.awt.printerjob" value="sun.lwawt.macosx.CPrinterJob" />
    <property name="help.lucene.tokenizer" value="standard" />
    <property name="ant.file.TriHonda" value="/Users/agolubev1/Desktop/AutomationScript/TriHonda/build.xml" />
    <property name="ant.version" value="Apache Ant(TM) version 1.8.3 compiled on February 26 2012" />
    <property name="osgi.ws" value="cocoa" />
    <property name="gopherProxySet" value="false" />
    <property name="org.osgi.supports.framework.extension" value="true" />
    <property name="eclipse.p2.data.area" value="@config.dir/../p2/" />
    <property name="osgi.framework.extensions" value="" />
    <property name="gosh.args" value="--nointeractive" />
    <property name="org.osgi.framework.language" value="en" />
    <property name="os.name" value="Mac OS X" />
    <property name="eclipse.home.location" value="file:/Users/agolubev1/Desktop/Screen shots/oralb/eclipse/" />
    <property name="java.specification.vendor" value="Oracle Corporation" />
    <property name="eclipse.vmargs" value="-Xdock:icon=../Resources/Eclipse.icns&#xa;-XstartOnFirstThread&#xa;-Dorg.eclipse.swt.internal.carbon.smallFonts&#xa;-Dosgi.requiredJavaVersion=1.5&#xa;-Dhelp.lucene.tokenizer=standard&#xa;-Xms40m&#xa;-Xmx512m&#xa;-XstartOnFirstThread&#xa;-Dorg.eclipse.swt.internal.carbon.smallFonts&#xa;-XX:MaxPermSize=256m&#xa;-Djava.class.path=/Users/agolubev1/Desktop/Screen shots/oralb/eclipse/Eclipse.app/Contents/MacOS//../../../plugins/org.eclipse.equinox.launcher_1.3.0.v20120522-1813.jar&#xa;" />
    <property name="java.vm.name" value="Java HotSpot(TM) 64-Bit Server VM" />
    <property name="eclipse.buildId" value="M20120914-1800" />
    <property name="java.library.path" value="/Users/agolubev1/Library/Java/Extensions:/Library/Java/Extensions:/Network/Library/Java/Extensions:/System/Library/Java/Extensions:/usr/lib/java:." />
    <property name="env.PATH" value="/usr/bin:/bin:/usr/sbin:/sbin" />
    <property name="eclipse.pdebuild.scripts" value="/Users/agolubev1/Desktop/Screen shots/oralb/eclipse/plugins/org.eclipse.pde.build_3.8.1.v20120725-202643/scripts/" />
    <property name="ant.java.version" value="1.7" />
    <property name="eclipse.commands" value="-os&#xa;macosx&#xa;-ws&#xa;cocoa&#xa;-arch&#xa;x86_64&#xa;-showsplash&#xa;-launcher&#xa;/Users/agolubev1/Desktop/Screen shots/oralb/eclipse/Eclipse.app/Contents/MacOS/eclipse&#xa;-name&#xa;Eclipse&#xa;--launcher.library&#xa;/Users/agolubev1/Desktop/Screen shots/oralb/eclipse/Eclipse.app/Contents/MacOS//../../../plugins/org.eclipse.equinox.launcher.cocoa.macosx.x86_64_1.1.200.v20120522-1813/eclipse_1503.so&#xa;-startup&#xa;/Users/agolubev1/Desktop/Screen shots/oralb/eclipse/Eclipse.app/Contents/MacOS//../../../plugins/org.eclipse.equinox.launcher_1.3.0.v20120522-1813.jar&#xa;--launcher.overrideVmargs&#xa;-product&#xa;org.eclipse.epp.package.jee.product&#xa;-keyring&#xa;/Users/agolubev1/.eclipse_keyring&#xa;-showlocation&#xa;-vm&#xa;/Library/Java/JavaVirtualMachines/jdk1.7.0_40.jdk&#xa;" />
    <property name="basedir" value="/Users/agolubev1/Desktop/AutomationScript/TriHonda" />
    <property name="java.class.version" value="51.0" />
    <property name="osgi.syspath" value="/Users/agolubev1/Desktop/Screen shots/oralb/eclipse/plugins" />
    <property name="env.JAVA_STARTED_ON_FIRST_THREAD_49130" value="1" />
    <property name="ant.home" value="/Users/agolubev1/Desktop/Screen shots/oralb/eclipse/plugins/org.apache.ant_1.8.3.v20120321-1730" />
    <property name="org.eclipse.equinox.launcher.splash.location" value="/Users/agolubev1/Desktop/Screen shots/oralb/eclipse/plugins/org.eclipse.platform_4.2.1.v201209141800/splash.bmp" />
    <property name="osgi.instance.area" value="file:/Users/agolubev1/Desktop/AutomationScript/" />
    <property name="osgi.install.area" value="file:/Users/agolubev1/Desktop/Screen shots/oralb/eclipse/" />
    <property name="sun.boot.library.path" value="/Library/Java/JavaVirtualMachines/jdk1.7.0_40.jdk/Contents/Home/jre/lib" />
    <property name="sun.management.compiler" value="HotSpot 64-Bit Tiered Compilers" />
    <property name="java.awt.graphicsenv" value="sun.awt.CGraphicsEnvironment" />
    <property name="env.USER" value="agolubev1" />
    <property name="env.COMMAND_MODE" value="unix2003" />
    <property name="ant.project.name" value="TriHonda" />
    <property name="java.vm.specification.version" value="1.7" />
    <property name="eclipse.running" value="true" />
    <property name="awt.toolkit" value="sun.lwawt.macosx.LWCToolkit" />
    <property name="sun.cpu.isalist" value="" />
    <property name="org.eclipse.update.reconcile" value="false" />
    <property name="java.ext.dirs" value="/Users/agolubev1/Library/Java/Extensions:/Library/Java/JavaVirtualMachines/jdk1.7.0_40.jdk/Contents/Home/jre/lib/ext:/Library/Java/Extensions:/Network/Library/Java/Extensions:/System/Library/Java/Extensions:/usr/lib/java" />
    <property name="osgi.framework.version" value="3.8.1.v20120830-144521" />
    <property name="os.version" value="10.8.5" />
    <property name="eclipse.launcher" value="/Users/agolubev1/Desktop/Screen shots/oralb/eclipse/Eclipse.app/Contents/MacOS/eclipse" />
    <property name="user.home" value="/Users/agolubev1" />
    <property name="java.vm.vendor" value="Oracle Corporation" />
    <property name="org.apache.commons.logging.Log" value="org.apache.commons.logging.impl.NoOpLog" />
    <property name="junit.output.dir" value="junit" />
    <property name="user.dir" value="/Users/agolubev1/Desktop/Screen shots/oralb/eclipse/Eclipse.app/Contents/MacOS" />
    <property name="org.osgi.framework.os.version" value="10.8.5" />
    <property name="osgi.framework.shape" value="jar" />
    <property name="eclipse.home" value="/Users/agolubev1/Desktop/Screen shots/oralb/eclipse" />
    <property name="sun.cpu.endian" value="little" />
    <property name="env.TMPDIR" value="/var/folders/gd/k5lsk02s4gdbr4f350qydgwnxp8pg6/T/" />
    <property name="eclipse.startTime" value="1400509842342" />
    <property name="java.vm.version" value="24.0-b56" />
    <property name="java.class.path" value="/Users/agolubev1/Desktop/AutomationScript/TriHonda/bin:/Users/agolubev1/Desktop/AutomationScript/TriHonda/library/commons-fileupload-1.3.1.jar:/Users/agolubev1/Desktop/AutomationScript/TriHonda/library/commons-io-2.4-javadoc.jar:/Users/agolubev1/Desktop/AutomationScript/TriHonda/library/commons-io-2.4-sources.jar:/Users/agolubev1/Desktop/AutomationScript/TriHonda/library/commons-io-2.4-test-sources.jar:/Users/agolubev1/Desktop/AutomationScript/TriHonda/library/commons-io-2.4-tests.jar:/Users/agolubev1/Desktop/AutomationScript/TriHonda/library/commons-io-2.4.jar:/Users/agolubev1/Desktop/AutomationScript/TriHonda/library/commons-logging-1.1.3-javadoc.jar:/Users/agolubev1/Desktop/AutomationScript/TriHonda/library/commons-logging-1.1.3-sources.jar:/Users/agolubev1/Desktop/AutomationScript/TriHonda/library/commons-logging-1.1.3-test-sources.jar:/Users/agolubev1/Desktop/AutomationScript/TriHonda/library/commons-logging-1.1.3-tests.jar:/Users/agolubev1/Desktop/AutomationScript/TriHonda/library/commons-logging-1.1.3.jar:/Users/agolubev1/Desktop/AutomationScript/TriHonda/library/commons-logging-adapters-1.1.3.jar:/Users/agolubev1/Desktop/AutomationScript/TriHonda/library/commons-logging-api-1.1.3.jar:/Users/agolubev1/Desktop/AutomationScript/TriHonda/library/commons-logging-tests.jar:/Users/agolubev1/Desktop/AutomationScript/TriHonda/library/junit-4.11.jar:/Users/agolubev1/Desktop/AutomationScript/TriHonda/library/jxl-2.6.jar:/Users/agolubev1/Desktop/AutomationScript/TriHonda/library/jxl.jar:/Users/agolubev1/Desktop/AutomationScript/TriHonda/library/selenium-java-2.41.0.jar:/Users/agolubev1/Desktop/AutomationScript/TriHonda/library/selenium-server-2.37.0.jar:/Users/agolubev1/Desktop/AutomationScript/TriHonda/library/selenium-server-standalone-2.37.0.jar:/Users/agolubev1/Desktop/Screen shots/oralb/eclipse/plugins/org.junit_4.10.0.v4_10_0_v20120426-0900/junit.jar:/Users/agolubev1/Desktop/Screen shots/oralb/eclipse/plugins/org.hamcrest.core_1.1.0.v20090501071000.jar:/Users/agolubev1/Desktop/Screen shots/oralb/eclipse/plugins/org.apache.ant_1.8.3.v20120321-1730/lib/ant-launcher.jar:/Users/agolubev1/Desktop/Screen shots/oralb/eclipse/plugins/org.apache.ant_1.8.3.v20120321-1730/lib/ant.jar:/Users/agolubev1/Desktop/Screen shots/oralb/eclipse/plugins/org.apache.ant_1.8.3.v20120321-1730/lib/ant-junit.jar:/Users/agolubev1/Desktop/Screen shots/oralb/eclipse/plugins/org.apache.ant_1.8.3.v20120321-1730/lib/ant-junit4.jar" />
    <property name="ant.library.dir" value="/Users/agolubev1/Desktop/Screen shots/oralb/eclipse/plugins/org.apache.ant_1.8.3.v20120321-1730/lib" />
    <property name="os.arch" value="x86_64" />
    <property name="env.Apple_PubSub_Socket_Render" value="/tmp/launch-7ua9MU/Render" />
    <property name="eclipse.p2.profile" value="epp.package.jee" />
    <property name="sun.java.launcher" value="SUN_STANDARD" />
    <property name="org.osgi.framework.vendor" value="Eclipse" />
    <property name="ant.core.lib" value="/Users/agolubev1/Desktop/Screen shots/oralb/eclipse/plugins/org.apache.ant_1.8.3.v20120321-1730/lib/ant.jar" />
    <property name="osgi.tracefile" value="/Users/agolubev1/Desktop/AutomationScript/.metadata/trace.log" />
    <property name="java.vm.specification.vendor" value="Oracle Corporation" />
    <property name="file.separator" value="/" />
    <property name="java.runtime.version" value="1.7.0_40-b43" />
    <property name="env.SSH_AUTH_SOCK" value="/tmp/launch-48F8cp/Listeners" />
    <property name="sun.boot.class.path" value="/Library/Java/JavaVirtualMachines/jdk1.7.0_40.jdk/Contents/Home/jre/lib/resources.jar:/Library/Java/JavaVirtualMachines/jdk1.7.0_40.jdk/Contents/Home/jre/lib/rt.jar:/Library/Java/JavaVirtualMachines/jdk1.7.0_40.jdk/Contents/Home/jre/lib/sunrsasign.jar:/Library/Java/JavaVirtualMachines/jdk1.7.0_40.jdk/Contents/Home/jre/lib/jsse.jar:/Library/Java/JavaVirtualMachines/jdk1.7.0_40.jdk/Contents/Home/jre/lib/jce.jar:/Library/Java/JavaVirtualMachines/jdk1.7.0_40.jdk/Contents/Home/jre/lib/charsets.jar:/Library/Java/JavaVirtualMachines/jdk1.7.0_40.jdk/Contents/Home/jre/lib/jfr.jar:/Library/Java/JavaVirtualMachines/jdk1.7.0_40.jdk/Contents/Home/jre/lib/JObjC.jar:/Library/Java/JavaVirtualMachines/jdk1.7.0_40.jdk/Contents/Home/jre/classes" />
    <property name="user.country" value="US" />
    <property name="env.SHELL" value="/bin/bash" />
    <property name="osgi.logfile" value="/Users/agolubev1/Desktop/AutomationScript/.metadata/.log" />
    <property name="java.vendor" value="Oracle Corporation" />
    <property name="ant.file.type.TriHonda" value="file" />
    <property name="java.specification.version" value="1.7" />
    <property name="sun.arch.data.model" value="64" />
  </properties>
  <error message="library.ResponsivePageLoads" type="java.lang.ClassNotFoundException">java.lang.ClassNotFoundException: library.ResponsivePageLoads
	at java.net.URLClassLoader$1.run(URLClassLoader.java:366)
	at java.net.URLClassLoader$1.run(URLClassLoader.java:355)
	at java.security.AccessController.doPrivileged(Native Method)
	at java.net.URLClassLoader.findClass(URLClassLoader.java:354)
	at java.lang.ClassLoader.loadClass(ClassLoader.java:424)
	at sun.misc.Launcher$AppClassLoader.loadClass(Launcher.java:308)
	at java.lang.ClassLoader.loadClass(ClassLoader.java:357)
	at java.lang.Class.forName0(Native Method)
	at java.lang.Class.forName(Class.java:190)
</error>
  <system-out><![CDATA[]]></system-out>
  <system-err><![CDATA[]]></system-err>
</testsuite>
